[I 210804 17:21:00 main:21] Testing QA Page Easy...
[I 210804 18:08:55 main:25] Testing QA Page Easy...
[I 210804 18:08:55 main:31] First Name Enterd Successfully
[I 210804 18:08:55 main:36] Email Enterd Successfully
[I 210804 18:08:56 main:41] Address Enterd Successfully
[I 210804 18:08:56 main:45] Phone Number Enterd Successfully
[I 210804 18:08:56 main:49] Send Message Button Clicked Successfully
[I 210804 18:11:24 main:27] Testing QA Page Easy...
[I 210804 18:11:24 main:33] First Name Enterd Successfully
[I 210804 18:11:25 main:38] Email Enterd Successfully
[I 210804 18:11:25 main:43] Address Enterd Successfully
[I 210804 18:11:25 main:47] Phone Number Enterd Successfully
[I 210804 18:11:25 main:51] Send Message Button Clicked Successfully
[I 210804 18:11:54 main:27] Testing QA Page Easy...
[I 210804 18:11:55 main:33] First Name Enterd Successfully
[I 210804 18:11:55 main:38] Email Enterd Successfully
[I 210804 18:11:55 main:43] Address Enterd Successfully
[I 210804 18:11:55 main:47] Phone Number Enterd Successfully
[I 210804 18:11:55 main:51] Send Message Button Clicked Successfully
[I 210804 18:12:30 main:27] Testing QA Page Easy...
[I 210804 18:12:30 main:33] First Name Enterd Successfully
[I 210804 18:12:30 main:38] Email Enterd Successfully
[I 210804 18:12:30 main:43] Address Enterd Successfully
[I 210804 18:12:30 main:47] Phone Number Enterd Successfully
[I 210804 18:12:30 main:51] Send Message Button Clicked Successfully
[I 210804 18:13:10 main:27] Testing QA Page Easy...
[I 210804 18:13:11 main:33] First Name Enterd Successfully
[I 210804 18:13:11 main:38] Email Enterd Successfully
[I 210804 18:13:11 main:43] Address Enterd Successfully
[I 210804 18:13:11 main:47] Phone Number Enterd Successfully
[I 210804 18:13:11 main:51] Send Message Button Clicked Successfully
[I 210804 18:13:38 main:27] Testing QA Page Easy...
[I 210804 18:13:38 main:33] First Name Enterd Successfully
[I 210804 18:13:38 main:38] Email Enterd Successfully
[I 210804 18:13:38 main:43] Address Enterd Successfully
[I 210804 18:13:39 main:47] Phone Number Enterd Successfully
[I 210804 18:13:39 main:51] Send Message Button Clicked Successfully
[I 210804 18:14:06 main:27] Testing QA Page Easy...
[I 210804 18:14:06 main:33] First Name Enterd Successfully
[I 210804 18:14:06 main:38] Email Enterd Successfully
[I 210804 18:14:06 main:43] Address Enterd Successfully
[I 210804 18:14:06 main:47] Phone Number Enterd Successfully
[I 210804 18:14:06 main:51] Send Message Button Clicked Successfully
[I 210804 18:14:35 main:27] Testing QA Page Easy...
[I 210804 18:14:35 main:33] First Name Enterd Successfully
[I 210804 18:14:35 main:38] Email Enterd Successfully
[I 210804 18:14:35 main:43] Address Enterd Successfully
[I 210804 18:14:35 main:47] Phone Number Enterd Successfully
[I 210804 18:14:35 main:51] Send Message Button Clicked Successfully
[I 210804 18:16:03 main:27] Testing QA Page Easy...
[I 210804 18:16:03 main:33] First Name Enterd Successfully
[I 210804 18:16:03 main:38] Email Enterd Successfully
[I 210804 18:16:03 main:43] Address Enterd Successfully
[I 210804 18:16:03 main:47] Phone Number Enterd Successfully
[I 210804 18:16:03 main:51] Send Message Button Clicked Successfully
[I 210804 18:17:18 main:27] Testing QA Page Easy...
[I 210804 18:17:19 main:33] First Name Enterd Successfully
[I 210804 18:17:19 main:38] Email Enterd Successfully
[I 210804 18:17:19 main:43] Address Enterd Successfully
[I 210804 18:17:19 main:47] Phone Number Enterd Successfully
[I 210804 18:17:19 main:51] Send Message Button Clicked Successfully
[I 210804 18:18:20 main:27] Testing QA Page Easy...
[I 210804 18:18:20 main:33] First Name Enterd Successfully
[I 210804 18:18:20 main:38] Email Enterd Successfully
[I 210804 18:18:20 main:43] Address Enterd Successfully
[I 210804 18:18:20 main:47] Phone Number Enterd Successfully
[I 210804 18:18:20 main:51] Send Message Button Clicked Successfully
[I 210804 18:19:00 main:27] Testing QA Page Easy...
[I 210804 18:19:00 main:33] First Name Enterd Successfully
[I 210804 18:19:00 main:38] Email Enterd Successfully
[I 210804 18:19:00 main:43] Address Enterd Successfully
[I 210804 18:19:00 main:47] Phone Number Enterd Successfully
[I 210804 18:19:00 main:51] Send Message Button Clicked Successfully
[I 210804 18:19:33 main:27] Testing QA Page Easy...
[I 210804 18:19:33 main:33] First Name Enterd Successfully
[I 210804 18:19:33 main:38] Email Enterd Successfully
[I 210804 18:19:33 main:43] Address Enterd Successfully
[I 210804 18:19:33 main:47] Phone Number Enterd Successfully
[I 210804 18:19:33 main:51] Send Message Button Clicked Successfully
[I 210804 18:19:56 main:27] Testing QA Page Easy...
[I 210804 18:19:56 main:33] First Name Enterd Successfully
[I 210804 18:19:56 main:38] Email Enterd Successfully
[I 210804 18:19:57 main:43] Address Enterd Successfully
[I 210804 18:19:57 main:47] Phone Number Enterd Successfully
[I 210804 18:19:57 main:51] Send Message Button Clicked Successfully
[I 210804 18:21:53 main:27] Testing QA Page Easy...
[I 210804 18:21:53 main:33] First Name Enterd Successfully
[I 210804 18:21:53 main:38] Email Enterd Successfully
[I 210804 18:21:54 main:43] Address Enterd Successfully
[I 210804 18:21:54 main:47] Phone Number Enterd Successfully
[I 210804 18:21:54 main:51] Send Message Button Clicked Successfully
[I 210804 18:23:33 main:27] Testing QA Page Easy...
[I 210804 18:23:34 main:33] First Name Enterd Successfully
[I 210804 18:23:34 main:38] Email Enterd Successfully
[I 210804 18:23:34 main:43] Address Enterd Successfully
[I 210804 18:23:34 main:47] Phone Number Enterd Successfully
[I 210804 18:23:34 main:51] Send Message Button Clicked Successfully
[I 210804 18:24:18 main:27] Testing QA Page Easy...
[I 210804 18:24:18 main:33] First Name Enterd Successfully
[I 210804 18:24:18 main:38] Email Enterd Successfully
[I 210804 18:24:18 main:43] Address Enterd Successfully
[I 210804 18:24:18 main:47] Phone Number Enterd Successfully
[I 210804 18:24:18 main:51] Send Message Button Clicked Successfully
[I 210804 18:24:47 main:27] Testing QA Page Easy...
[I 210804 18:24:47 main:33] First Name Enterd Successfully
[I 210804 18:24:47 main:38] Email Enterd Successfully
[I 210804 18:24:47 main:43] Address Enterd Successfully
[I 210804 18:24:48 main:47] Phone Number Enterd Successfully
[I 210804 18:24:48 main:51] Send Message Button Clicked Successfully
